<?xml version="1.0" encoding="UTF-8"?>
<testng-results skipped="0" failed="0" ignored="0" total="0" passed="0">
  <reporter-output>
  </reporter-output>
  <suite name="Academy.AppTest" duration-ms="6" started-at="2020-08-08T00:33:15Z" finished-at="2020-08-08T00:33:15Z">
    <groups>
    </groups>
    <test name="Command line test" duration-ms="6" started-at="2020-08-08T00:33:15Z" finished-at="2020-08-08T00:33:15Z">
    </test> <!-- Command line test -->
  </suite> <!-- Academy.AppTest -->
</testng-results>
